2025-07-03 16:45:53,685 - INFO - 正在加载语言模型...
2025-07-03 16:45:54,969 - INFO - We will use 90% of the memory on device 0 for storing the model, and 10% for the buffer to avoid OOM. You can set `max_memory` in to a higher value to use more memory (at your own risk).
2025-07-03 16:45:56,751 - INFO - 开始处理 2 个文档...
2025-07-03 16:45:56,986 - INFO - 正在提取核心概念...
2025-07-03 16:46:05,932 - INFO - 正在分析概念层级关系...
2025-07-03 16:46:05,949 - DEBUG - Building prefix dict from the default dictionary ...
2025-07-03 16:46:05,961 - DEBUG - Loading model from cache C:\Users\lenovo\AppData\Local\Temp\jieba.cache
2025-07-03 16:46:06,346 - DEBUG - Loading model cost 0.385 seconds.
2025-07-03 16:46:06,361 - DEBUG - Prefix dict has been built successfully.
2025-07-03 16:46:06,458 - INFO - 处理完成
2025-07-03 16:51:38,684 - INFO - 正在加载语言模型...
2025-07-03 16:51:40,027 - INFO - We will use 90% of the memory on device 0 for storing the model, and 10% for the buffer to avoid OOM. You can set `max_memory` in to a higher value to use more memory (at your own risk).
2025-07-03 16:51:41,974 - INFO - 开始处理 2 个文档...
2025-07-03 16:51:42,170 - INFO - 正在提取核心概念...
2025-07-03 16:51:42,663 - DEBUG - Building prefix dict from the default dictionary ...
2025-07-03 16:51:42,806 - DEBUG - Loading model from cache C:\Users\lenovo\AppData\Local\Temp\jieba.cache
2025-07-03 16:51:43,169 - DEBUG - Loading model cost 0.363 seconds.
2025-07-03 16:51:43,230 - DEBUG - Prefix dict has been built successfully.
2025-07-03 16:51:54,273 - INFO - 正在构建完整概念层级关系...
2025-07-03 16:51:54,351 - INFO - 处理完成
2025-07-03 16:56:22,221 - INFO - 正在加载语言模型...
2025-07-03 16:56:23,540 - INFO - We will use 90% of the memory on device 0 for storing the model, and 10% for the buffer to avoid OOM. You can set `max_memory` in to a higher value to use more memory (at your own risk).
2025-07-03 16:56:25,369 - INFO - 开始处理 1 个文档...
2025-07-03 16:56:25,436 - WARNING - 不支持的格式: .docx 
2025-07-03 16:56:25,472 - WARNING - 没有有效的文档内容
2025-07-03 16:57:08,822 - INFO - 正在加载语言模型...
2025-07-03 16:57:10,299 - INFO - We will use 90% of the memory on device 0 for storing the model, and 10% for the buffer to avoid OOM. You can set `max_memory` in to a higher value to use more memory (at your own risk).
2025-07-03 16:57:12,520 - INFO - 开始处理 1 个文档...
2025-07-03 16:57:12,529 - WARNING - 不支持的格式: .docx 
2025-07-03 16:57:12,556 - WARNING - 没有有效的文档内容
2025-07-03 16:57:48,711 - INFO - 正在加载语言模型...
2025-07-03 16:57:49,877 - INFO - We will use 90% of the memory on device 0 for storing the model, and 10% for the buffer to avoid OOM. You can set `max_memory` in to a higher value to use more memory (at your own risk).
2025-07-03 16:57:51,884 - INFO - 开始处理 1 个文档...
2025-07-03 16:57:51,909 - INFO - 正在提取核心概念...
2025-07-03 16:57:52,468 - DEBUG - Building prefix dict from the default dictionary ...
2025-07-03 16:57:52,516 - DEBUG - Loading model from cache C:\Users\lenovo\AppData\Local\Temp\jieba.cache
2025-07-03 16:57:52,890 - DEBUG - Loading model cost 0.373 seconds.
2025-07-03 16:57:52,926 - DEBUG - Prefix dict has been built successfully.
2025-07-03 16:57:52,996 - INFO - 正在构建完整概念层级关系...
2025-07-03 16:57:53,034 - INFO - 处理完成
2025-07-03 17:01:49,466 - INFO - 正在加载语言模型...
2025-07-03 17:01:50,645 - INFO - We will use 90% of the memory on device 0 for storing the model, and 10% for the buffer to avoid OOM. You can set `max_memory` in to a higher value to use more memory (at your own risk).
2025-07-03 17:01:52,521 - INFO - 开始处理 1 个文档...
2025-07-03 17:01:52,606 - INFO - 正在提取核心概念...
2025-07-03 17:01:53,208 - DEBUG - Building prefix dict from the default dictionary ...
2025-07-03 17:01:53,266 - DEBUG - Loading model from cache C:\Users\lenovo\AppData\Local\Temp\jieba.cache
2025-07-03 17:01:53,619 - DEBUG - Loading model cost 0.353 seconds.
2025-07-03 17:01:53,697 - DEBUG - Prefix dict has been built successfully.
2025-07-03 17:01:53,759 - INFO - 正在构建完整概念层级关系...
2025-07-03 17:01:53,811 - INFO - 处理完成
2025-07-03 18:51:38,765 - INFO - 正在加载语言模型...
2025-07-03 18:51:40,536 - INFO - We will use 90% of the memory on device 0 for storing the model, and 10% for the buffer to avoid OOM. You can set `max_memory` in to a higher value to use more memory (at your own risk).
2025-07-03 18:51:45,615 - INFO - 开始处理 1 个文档...
2025-07-03 18:51:45,644 - INFO - 正在提取核心概念...
2025-07-03 18:58:34,720 - INFO - 正在加载语言模型...
2025-07-03 18:58:35,759 - INFO - We will use 90% of the memory on device 0 for storing the model, and 10% for the buffer to avoid OOM. You can set `max_memory` in to a higher value to use more memory (at your own risk).
2025-07-03 18:58:37,474 - INFO - 开始处理 1 个文档...
2025-07-03 18:58:37,651 - INFO - 正在提取核心概念...
2025-07-03 18:58:37,750 - WARNING - 未能提取到有效概念
2025-07-03 18:59:32,224 - INFO - 正在加载语言模型...
2025-07-03 18:59:33,298 - INFO - We will use 90% of the memory on device 0 for storing the model, and 10% for the buffer to avoid OOM. You can set `max_memory` in to a higher value to use more memory (at your own risk).
2025-07-03 18:59:35,030 - INFO - 开始处理 1 个文档...
2025-07-03 18:59:35,448 - INFO - 正在提取核心概念...
2025-07-03 18:59:36,568 - DEBUG - Building prefix dict from the default dictionary ...
2025-07-03 18:59:37,118 - DEBUG - Dumping model to file cache C:\Users\lenovo\AppData\Local\Temp\jieba.cache
2025-07-03 18:59:37,200 - DEBUG - Loading model cost 0.509 seconds.
2025-07-03 18:59:37,257 - DEBUG - Prefix dict has been built successfully.
2025-07-03 18:59:59,416 - INFO - 正在构建完整概念层级关系...
2025-07-03 18:59:59,568 - INFO - 处理完成
2025-07-03 19:11:00,097 - INFO - We will use 90% of the memory on device 0 for storing the model, and 10% for the buffer to avoid OOM. You can set `max_memory` in to a higher value to use more memory (at your own risk).
2025-07-03 19:11:41,472 - INFO - We will use 90% of the memory on device 0 for storing the model, and 10% for the buffer to avoid OOM. You can set `max_memory` in to a higher value to use more memory (at your own risk).
2025-07-03 19:38:06,416 - INFO - 正在加载语言模型...
2025-07-03 19:38:07,564 - INFO - We will use 90% of the memory on device 0 for storing the model, and 10% for the buffer to avoid OOM. You can set `max_memory` in to a higher value to use more memory (at your own risk).
2025-07-03 19:38:09,285 - INFO - 开始处理 1 个文档...
2025-07-03 19:38:09,308 - WARNING - Multiple definitions in dictionary at byte 0x179073 for key /MediaBox
2025-07-03 19:38:09,981 - INFO - 正在提取核心概念...
2025-07-03 19:46:13,614 - INFO - 正在加载语言模型...
2025-07-03 19:46:14,614 - INFO - We will use 90% of the memory on device 0 for storing the model, and 10% for the buffer to avoid OOM. You can set `max_memory` in to a higher value to use more memory (at your own risk).
2025-07-03 19:46:16,393 - INFO - 开始处理 1 个文档...
2025-07-03 19:46:16,404 - WARNING - Multiple definitions in dictionary at byte 0x179073 for key /MediaBox
2025-07-03 19:46:17,085 - INFO - 正在提取核心概念...
2025-07-03 19:48:30,528 - INFO - 正在加载语言模型...
2025-07-03 19:48:31,521 - INFO - We will use 90% of the memory on device 0 for storing the model, and 10% for the buffer to avoid OOM. You can set `max_memory` in to a higher value to use more memory (at your own risk).
2025-07-03 19:48:33,292 - INFO - 开始处理 1 个文档...
2025-07-03 19:48:33,305 - WARNING - Multiple definitions in dictionary at byte 0x179073 for key /MediaBox
2025-07-03 19:48:34,003 - INFO - 正在提取核心概念...
2025-07-03 19:49:48,371 - INFO - 正在加载语言模型...
2025-07-03 19:49:49,318 - INFO - We will use 90% of the memory on device 0 for storing the model, and 10% for the buffer to avoid OOM. You can set `max_memory` in to a higher value to use more memory (at your own risk).
2025-07-03 19:49:51,210 - INFO - 开始处理 1 个文档...
2025-07-03 19:49:51,220 - WARNING - Multiple definitions in dictionary at byte 0x179073 for key /MediaBox
2025-07-03 19:49:51,932 - INFO - 正在提取核心概念...
2025-07-03 19:50:23,298 - INFO - 正在加载语言模型...
2025-07-03 19:50:24,253 - INFO - We will use 90% of the memory on device 0 for storing the model, and 10% for the buffer to avoid OOM. You can set `max_memory` in to a higher value to use more memory (at your own risk).
2025-07-03 19:50:26,102 - INFO - 开始处理 1 个文档...
2025-07-03 19:50:26,114 - WARNING - Multiple definitions in dictionary at byte 0x179073 for key /MediaBox
2025-07-03 19:50:26,932 - INFO - 正在提取核心概念...
2025-07-03 19:50:28,005 - WARNING - 未能提取到有效概念
2025-07-03 19:52:17,537 - INFO - 正在加载语言模型...
2025-07-03 19:52:18,524 - INFO - We will use 90% of the memory on device 0 for storing the model, and 10% for the buffer to avoid OOM. You can set `max_memory` in to a higher value to use more memory (at your own risk).
2025-07-03 19:52:20,274 - INFO - 开始处理 1 个文档...
2025-07-03 19:52:20,288 - WARNING - Multiple definitions in dictionary at byte 0x179073 for key /MediaBox
2025-07-03 19:52:20,911 - INFO - 正在提取核心概念...
2025-07-03 19:52:21,912 - WARNING - 未能提取到有效概念
2025-07-03 19:54:43,454 - INFO - 正在加载语言模型...
2025-07-03 19:54:44,423 - INFO - We will use 90% of the memory on device 0 for storing the model, and 10% for the buffer to avoid OOM. You can set `max_memory` in to a higher value to use more memory (at your own risk).
2025-07-03 19:54:46,349 - INFO - 开始处理 1 个文档...
2025-07-03 19:54:46,426 - INFO - 正在提取核心概念...
2025-07-03 19:54:46,502 - WARNING - 未能提取到有效概念
2025-07-03 19:55:18,134 - INFO - 正在加载语言模型...
2025-07-03 19:55:19,101 - INFO - We will use 90% of the memory on device 0 for storing the model, and 10% for the buffer to avoid OOM. You can set `max_memory` in to a higher value to use more memory (at your own risk).
2025-07-03 19:55:20,914 - INFO - 开始处理 1 个文档...
2025-07-03 19:55:20,965 - INFO - 正在提取核心概念...
2025-07-03 19:55:21,006 - WARNING - 未能提取到有效概念
2025-07-03 19:57:17,745 - INFO - 正在加载语言模型...
2025-07-03 19:57:18,734 - INFO - We will use 90% of the memory on device 0 for storing the model, and 10% for the buffer to avoid OOM. You can set `max_memory` in to a higher value to use more memory (at your own risk).
2025-07-03 19:57:20,597 - INFO - 开始处理 1 个文档...
2025-07-03 19:57:20,652 - INFO - 正在提取核心概念...
2025-07-03 19:57:20,720 - WARNING - 未能提取到有效概念
2025-07-03 20:00:38,668 - INFO - 正在加载语言模型...
2025-07-03 20:00:39,689 - INFO - We will use 90% of the memory on device 0 for storing the model, and 10% for the buffer to avoid OOM. You can set `max_memory` in to a higher value to use more memory (at your own risk).
2025-07-03 20:00:41,502 - INFO - 开始处理 1 个文档...
2025-07-03 20:00:41,599 - INFO - 正在提取核心概念...
2025-07-03 20:00:41,682 - WARNING - 未能提取到有效概念
2025-07-03 20:03:57,120 - INFO - 正在加载语言模型...
2025-07-03 20:03:58,105 - INFO - We will use 90% of the memory on device 0 for storing the model, and 10% for the buffer to avoid OOM. You can set `max_memory` in to a higher value to use more memory (at your own risk).
2025-07-03 20:04:00,002 - INFO - 开始处理 1 个文档...
2025-07-03 20:04:00,042 - INFO - 正在提取核心概念...
2025-07-03 20:04:00,113 - WARNING - 未能提取到有效概念
2025-07-03 20:04:16,557 - INFO - 正在加载语言模型...
2025-07-03 20:04:17,509 - INFO - We will use 90% of the memory on device 0 for storing the model, and 10% for the buffer to avoid OOM. You can set `max_memory` in to a higher value to use more memory (at your own risk).
2025-07-03 20:04:19,344 - INFO - 开始处理 1 个文档...
2025-07-03 20:04:19,386 - INFO - 正在提取核心概念...
2025-07-03 20:04:19,450 - WARNING - 未能提取到有效概念
